<?xml version="1.0" encoding="UTF-8"?>
<testsuite name="harness.ControllerComponentsTest" tests="5" skipped="0" failures="0" errors="0" timestamp="2026-09-19T13:18:23.280Z" hostname="DESKTOP-E9V69Q9" time="1.082">
  <properties/>
  <testcase name="scenarioExecutorSupportsRetryAndExhaustionInputs()" classname="harness.ControllerComponentsTest" time="0.056"/>
  <testcase name="githubAdapterCorrelatesDispatchWithTheExactSelectedJob()" classname="harness.ControllerComponentsTest" time="0.909"/>
  <testcase name="secondProjectHasDifferentEntitiesWithoutRuntimeCodeChanges()" classname="harness.ControllerComponentsTest" time="0.014"/>
  <testcase name="paymentExecutionMappingIsConfigurable()" classname="harness.ControllerComponentsTest" time="0.018"/>
  <testcase name="githubAdapterRejectsACompletedRunWithoutTheSelectedJob()" classname="harness.ControllerComponentsTest" time="0.074"/>
  <system-out><![CDATA[]]></system-out>
  <system-err><![CDATA[Sept 19, 2026 11:18:23 PM harness.StructuredEventLogger event
INFO: {"timestamp":"2026-09-19T13:18:23.965362800Z","event":"dispatch_intent","campaign_id":"campaign-test","entity":"build","release_sha":"0123456789abcdef0123456789abcdef01234567","attempt":1,"execution_id":"c0b98819-10c3-4fca-9acc-99fc3e40c211"}
Sept 19, 2026 11:18:24 PM harness.StructuredEventLogger event
INFO: {"timestamp":"2026-09-19T13:18:24.189513700Z","event":"dispatch_acknowledged","run_url":"https://github.com/example/repository/actions/runs/321","execution_id":"c0b98819-10c3-4fca-9acc-99fc3e40c211","attempt":1,"github_run_id":321,"campaign_id":"campaign-test","entity":"build"}
Sept 19, 2026 11:18:24 PM harness.StructuredEventLogger event
INFO: {"timestamp":"2026-09-19T13:18:24.207625700Z","event":"execution_terminal","attempt":1,"run_url":"https://github.com/example/repository/actions/runs/321","github_run_id":321,"campaign_id":"campaign-test","status":"success","entity":"build","execution_id":"c0b98819-10c3-4fca-9acc-99fc3e40c211","duration_ms":242}
Sept 19, 2026 11:18:24 PM harness.StructuredEventLogger event
INFO: {"timestamp":"2026-09-19T13:18:24.324396200Z","event":"dispatch_intent","campaign_id":"campaign-test","entity":"build","release_sha":"0123456789abcdef0123456789abcdef01234567","attempt":1,"execution_id":"cd7a8abc-7e7a-4526-8def-fdc5f0e88ecb"}
Sept 19, 2026 11:18:24 PM harness.StructuredEventLogger event
INFO: {"timestamp":"2026-09-19T13:18:24.342691300Z","event":"dispatch_acknowledged","run_url":"https://github.com/example/repository/actions/runs/654","execution_id":"cd7a8abc-7e7a-4526-8def-fdc5f0e88ecb","attempt":1,"github_run_id":654,"campaign_id":"campaign-test","entity":"build"}
]]></system-err>
</testsuite>
