<?xml version="1.0" encoding="UTF-8"?>
<testsuite name="harness.PaymentBaselineTest" tests="4" skipped="0" failures="0" errors="0" timestamp="2026-09-19T13:18:24.379Z" hostname="DESKTOP-E9V69Q9" time="0.125">
  <properties/>
  <testcase name="configMapsRealWorkflowJobsAndMetricQueries()" classname="harness.PaymentBaselineTest" time="0.033"/>
  <testcase name="gateEvidenceRequiresEveryPrerequisiteJobToSucceed()" classname="harness.PaymentBaselineTest" time="0.047"/>
  <testcase name="missingOrNonfinitePrometheusDataFailsClosed()" classname="harness.PaymentBaselineTest" time="0.014"/>
  <testcase name="fixtureMapsGitHubDisplayNamesToStableRoles()" classname="harness.PaymentBaselineTest" time="0.022"/>
  <system-out><![CDATA[]]></system-out>
  <system-err><![CDATA[]]></system-err>
</testsuite>
