<?xml version="1.0" encoding="UTF-8"?>
<testsuite name="harness.PaymentBaselineTest" tests="4" skipped="0" failures="0" errors="0" timestamp="2026-09-18T18:26:20.993Z" hostname="DESKTOP-E9V69Q9" time="0.608">
  <properties/>
  <testcase name="configMapsRealWorkflowJobsAndMetricQueries()" classname="harness.PaymentBaselineTest" time="0.127"/>
  <testcase name="gateEvidenceRequiresEveryPrerequisiteJobToSucceed()" classname="harness.PaymentBaselineTest" time="0.462"/>
  <testcase name="missingOrNonfinitePrometheusDataFailsClosed()" classname="harness.PaymentBaselineTest" time="0.006"/>
  <testcase name="fixtureMapsGitHubDisplayNamesToStableRoles()" classname="harness.PaymentBaselineTest" time="0.009"/>
  <system-out><![CDATA[]]></system-out>
  <system-err><![CDATA[]]></system-err>
</testsuite>
